<?xml version="1.0" encoding="utf-8"?>
<shfbBuild product="Sandcastle Help File Builder and Tools" version="2018.5.14.0" projectFile="C:\Users\joao brandao\Desktop\datalogger_v2\App Files\ClientApp\Documentation\Documentation.shfbproj" started="15/05/2018 14:57:44">
<buildStep step="Initializing">
Finding tools...
The Sandcastle tools are located in &#39;C:\Program Files (x86)\EWSoftware\Sandcastle Help File Builder\&#39;
Searching for HTML Help 1 compiler...
Found HTML Help 1 compiler in &#39;C:\Program Files (x86)\HTML Help Workshop\&#39;
Locating components in the following folder(s):
    C:\Users\joao brandao\Desktop\datalogger_v2\App Files\ClientApp\Documentation
    C:\ProgramData\EWSoftware\Sandcastle Help File Builder\Components and Plug-Ins\
    C:\Program Files (x86)\EWSoftware\Sandcastle Help File Builder\
Using framework reflection data for &#39;.NET Framework 4.5&#39; located in &#39;C:\Program Files (x86)\EWSoftware\Sandcastle Help File Builder\Data\.NETFramework&#39;
Using presentation style &#39;VS2013&#39; located in &#39;C:\Program Files (x86)\EWSoftware\Sandcastle Help File Builder\PresentationStyles\VS2013&#39;
Loading and initializing plug-ins...
Lightweight Website Style Version 2018.5.14.0
Copyright &#169; 2006-2018, Eric Woodruff, All Rights Reserved
Portions Copyright &#169; 2014, Sam Harwell, All Rights Reserved
-------------------------------
Clearing any prior web/markdown output...
</buildStep>
<buildStep step="ValidatingDocumentationSources">
Validating and copying documentation source information
Source: C:\Users\joao brandao\Desktop\datalogger_v2\App Files\ClientApp\ClientApp\ClientApp.csproj
    Found project &#39;C:\Users\joao brandao\Desktop\datalogger_v2\App Files\ClientApp\ClientApp\ClientApp.csproj&#39;

Parsing project files
    Found assembly &#39;C:\Users\joao brandao\Desktop\datalogger_v2\App Files\ClientApp\ClientApp\bin\Debug\ClientApp.exe&#39;
SHFB: Warning BE0007: A project with a different or higher framework version was found.  Changing project FrameworkVersion property from &#39;.NET Framework 4.5&#39; to &#39;.NET Framework 4.5.2&#39; for the build.

References to include (excluding framework assemblies):
    LiveCharts, Version=0.9.7.0, Culture=neutral, PublicKeyToken=0bc1f845d1ebb8df, processorArchitecture=MSIL
    LiveCharts.WinForms, Version=0.9.7.1, Culture=neutral, PublicKeyToken=0bc1f845d1ebb8df, processorArchitecture=MSIL
    LiveCharts.Wpf, Version=0.9.7.0, Culture=neutral, PublicKeyToken=0bc1f845d1ebb8df, processorArchitecture=MSIL
    Spire.Barcode, Version=1.4.0.16040, Culture=neutral, PublicKeyToken=663f351905198cb3, processorArchitecture=MSIL
    Spire.Common, Version=1.2.782.6040, Culture=neutral, PublicKeyToken=663f351905198cb3, processorArchitecture=MSIL
    Spire.DataExport, Version=3.5.135.15040, Culture=neutral, PublicKeyToken=663f351905198cb3, processorArchitecture=MSIL
    Spire.DataExport.ResourceMgr, Version=1.6.20.4040, Culture=neutral, PublicKeyToken=4bc1500157862925, processorArchitecture=MSIL
    Spire.Doc, Version=5.9.8.15040, Culture=neutral, PublicKeyToken=663f351905198cb3, processorArchitecture=MSIL
    Spire.DocViewer.Forms, Version=2.4.1.15040, Culture=neutral, PublicKeyToken=663f351905198cb3, processorArchitecture=MSIL
    Spire.License, Version=1.3.6.40, Culture=neutral, PublicKeyToken=b1144360237c8b3f, processorArchitecture=MSIL
    Spire.Pdf, Version=3.9.99.15040, Culture=neutral, PublicKeyToken=663f351905198cb3, processorArchitecture=MSIL
    Spire.PdfViewer.Forms, Version=2.11.46.15340, Culture=neutral, PublicKeyToken=663f351905198cb3, processorArchitecture=MSIL
    Spire.Presentation, Version=2.8.5.15040, Culture=neutral, PublicKeyToken=663f351905198cb3, processorArchitecture=MSIL
    Spire.XLS, Version=7.12.14.15040, Culture=neutral, PublicKeyToken=663f351905198cb3, processorArchitecture=MSIL

Copying XML comments files
    C:\Users\joao brandao\Desktop\datalogger_v2\App Files\ClientApp\ClientApp\bin\Debug\ClientApp.xml -&gt; C:\Users\joao brandao\Desktop\datalogger_v2\App Files\ClientApp\Documentation\Help\Working\ClientApp.xml
</buildStep>
<buildStep step="GenerateSharedContent">
Generating shared content files (en-US, Ingl&#234;s (E.U.A.))...
<plugIn name="Lightweight Website Style" behavior="After" priority="1000">
</plugIn>    Last step completed in 00:00:00,0477
</buildStep>
<buildStep step="GenerateApiFilter">
Generating API filter for MRefBuilder...
    Last step completed in 00:00:00,0005
</buildStep>
<buildStep step="GenerateReflectionInfo">
Generating reflection information...
[C:\Program Files (x86)\Microsoft Visual Studio\2017\Community\MSBuild\15.0\Bin\MSBuild.exe - GenerateRefInfo.proj]
Build started 15/05/2018 14:57:45.
Project &quot;C:\Users\joao brandao\Desktop\datalogger_v2\App Files\ClientApp\Documentation\Help\Working\GenerateRefInfo.proj&quot; on node 1 (default targets).
PrepareForBuild:
  Creating directory &quot;obj\Debug\&quot;.
GenerateRefInfo:
  MRefBuilder (v2018.5.14.0)
  Copyright &#184; 2006-2018, Microsoft Corporation, All Rights Reserved.
  Portions Copyright &#184; 2006-2018, Eric Woodruff, All Rights Reserved.
  No source code context base path specified.  Source context information is unavailable.
  Loaded 1 assemblies for reflection and 15 dependency assemblies.
  Wrote information on 1 namespaces, 2 types, and 6 members
  Copying file from &quot;reflection.org&quot; to &quot;reflection.all&quot;.
  XslTransform (v2018.5.14.0)
  Copyright &#184; 2006-2018, Microsoft Corporation, All Rights Reserved.
  Portions Copyright &#184; 2006-2018, Eric Woodruff, All Rights Reserved.
  Applying XSL transformation &#39;C:\Program Files (x86)\EWSoftware\Sandcastle Help File Builder\ProductionTransforms\MergeDuplicates.xsl&#39;.
Done Building Project &quot;C:\Users\joao brandao\Desktop\datalogger_v2\App Files\ClientApp\Documentation\Help\Working\GenerateRefInfo.proj&quot; (default targets).
    Last step completed in 00:00:01,2802
</buildStep>
<buildStep step="TransformReflectionInfo">
Transforming reflection output...
[C:\Program Files (x86)\Microsoft Visual Studio\2017\Community\MSBuild\15.0\Bin\MSBuild.exe - TransformManifest.proj]
Build started 15/05/2018 14:57:46.
Project &quot;C:\Users\joao brandao\Desktop\datalogger_v2\App Files\ClientApp\Documentation\Help\Working\TransformManifest.proj&quot; on node 1 (default targets).
TransformManifest:
  XslTransform (v2018.5.14.0)
  Copyright &#184; 2006-2018, Microsoft Corporation, All Rights Reserved.
  Portions Copyright &#184; 2006-2018, Eric Woodruff, All Rights Reserved.
  Applying XSL transformation &#39;C:\Program Files (x86)\EWSoftware\Sandcastle Help File Builder\\ProductionTransforms\ApplyVSDocModel.xsl&#39;.
  Copying file from &quot;reflection.xml&quot; to &quot;reflection.nofilenames&quot;.
  XslTransform (v2018.5.14.0)
  Copyright &#184; 2006-2018, Microsoft Corporation, All Rights Reserved.
  Portions Copyright &#184; 2006-2018, Eric Woodruff, All Rights Reserved.
  Applying XSL transformation &#39;C:\Program Files (x86)\EWSoftware\Sandcastle Help File Builder\ProductionTransforms\AddFilenames.xsl&#39;.
  XslTransform (v2018.5.14.0)
  Copyright &#184; 2006-2018, Microsoft Corporation, All Rights Reserved.
  Portions Copyright &#184; 2006-2018, Eric Woodruff, All Rights Reserved.
  Applying XSL transformation &#39;C:\Program Files (x86)\EWSoftware\Sandcastle Help File Builder\ProductionTransforms\ReflectionToManifest.xsl&#39;.
Done Building Project &quot;C:\Users\joao brandao\Desktop\datalogger_v2\App Files\ClientApp\Documentation\Help\Working\TransformManifest.proj&quot; (default targets).
    Last step completed in 00:00:01,7049
</buildStep>
<buildStep step="GenerateNamespaceSummaries">
Generating namespace summary information...
    Last step completed in 00:00:00,4063
</buildStep>
<buildStep step="GenerateInheritedDocumentation">
Generating inherited documentation...
[C:\Program Files (x86)\Microsoft Visual Studio\2017\Community\MSBuild\15.0\Bin\MSBuild.exe - GenerateInheritedDocs.proj]
Sandcastle Help File Builder and Tools, version 2018.5.14.0
Copyright &#184; 2006-2018, Eric Woodruff, All Rights Reserved
E-Mail: Eric@EWoodruff.us

Reflection information will be retrieved from &#39;reflection.xml&#39;
Inherited documentation will be written to &#39;_InheritedDocs_.xml&#39;
Indexing C:\Program Files (x86)\Reference Assemblies\Microsoft\Framework\.NETFramework\v4.5.2\*.xml
Indexing C:\Program Files (x86)\Reference Assemblies\Microsoft\FSharp\.NETFramework\v4.0\4.3.1.0\*.xml
Indexing C:\Users\joao brandao\Desktop\datalogger_v2\App Files\ClientApp\Documentation\Help\Working\Spire.XLS.xml
Indexing C:\Users\joao brandao\Desktop\datalogger_v2\App Files\ClientApp\Documentation\Help\Working\Spire.Presentation.xml
Indexing C:\Users\joao brandao\Desktop\datalogger_v2\App Files\ClientApp\Documentation\Help\Working\Spire.PdfViewer.Forms.xml
Indexing C:\Users\joao brandao\Desktop\datalogger_v2\App Files\ClientApp\Documentation\Help\Working\Spire.Pdf.xml
Indexing C:\Users\joao brandao\Desktop\datalogger_v2\App Files\ClientApp\Documentation\Help\Working\Spire.License.xml
Indexing C:\Users\joao brandao\Desktop\datalogger_v2\App Files\ClientApp\Documentation\Help\Working\Spire.DocViewer.Forms.xml
Indexing C:\Users\joao brandao\Desktop\datalogger_v2\App Files\ClientApp\Documentation\Help\Working\Spire.Doc.xml
Indexing C:\Users\joao brandao\Desktop\datalogger_v2\App Files\ClientApp\Documentation\Help\Working\Spire.DataExport.ResourceMgr.xml
Indexing C:\Users\joao brandao\Desktop\datalogger_v2\App Files\ClientApp\Documentation\Help\Working\Spire.DataExport.xml
Indexing C:\Users\joao brandao\Desktop\datalogger_v2\App Files\ClientApp\Documentation\Help\Working\Spire.Common.xml
Indexing C:\Users\joao brandao\Desktop\datalogger_v2\App Files\ClientApp\Documentation\Help\Working\Spire.Barcode.xml
Indexing C:\Users\joao brandao\Desktop\datalogger_v2\App Files\ClientApp\Documentation\Help\Working\LiveCharts.Wpf.xml
Indexing C:\Users\joao brandao\Desktop\datalogger_v2\App Files\ClientApp\Documentation\Help\Working\LiveCharts.WinForms.xml
Indexing C:\Users\joao brandao\Desktop\datalogger_v2\App Files\ClientApp\Documentation\Help\Working\LiveCharts.xml
Indexing C:\Users\joao brandao\Desktop\datalogger_v2\App Files\ClientApp\Documentation\Help\Working\ClientApp.xml
Indexed 175920 members in 140 file(s).  15 file(s) to scan for &lt;inheritdoc /&gt; tags.
Merging inherited documentation...


Documentation merged successfully
    Last step completed in 00:00:01,3730
</buildStep>
<buildStep step="CopyConceptualContent">
Copying conceptual content...
Copying standard token shared content file...
Checking for other token files...
Checking for code snippets files...
Copying images and creating the media map file...
Generating conceptual topic files
    Parsing topic file &#39;C:\Users\joao brandao\Desktop\datalogger_v2\App Files\ClientApp\Documentation\Content\Welcome.aml&#39;
    C:\Users\joao brandao\Desktop\datalogger_v2\App Files\ClientApp\Documentation\Content\Welcome.aml -&gt; C:\Users\joao brandao\Desktop\datalogger_v2\App Files\ClientApp\Documentation\Help\Working\ddueXml\f5db6b53-6828-49d0-8bf9-5b9c9a17faff.xml
    Parsing topic file &#39;C:\Users\joao brandao\Desktop\datalogger_v2\App Files\ClientApp\Documentation\Content\VersionHistory\VersionHistory.aml&#39;
    C:\Users\joao brandao\Desktop\datalogger_v2\App Files\ClientApp\Documentation\Content\VersionHistory\VersionHistory.aml -&gt; C:\Users\joao brandao\Desktop\datalogger_v2\App Files\ClientApp\Documentation\Help\Working\ddueXml\9adf0034-f116-4fca-b65f-723d1edd9ef2.xml
    Parsing topic file &#39;C:\Users\joao brandao\Desktop\datalogger_v2\App Files\ClientApp\Documentation\Content\VersionHistory\v1.0.0.0.aml&#39;
    C:\Users\joao brandao\Desktop\datalogger_v2\App Files\ClientApp\Documentation\Content\VersionHistory\v1.0.0.0.aml -&gt; C:\Users\joao brandao\Desktop\datalogger_v2\App Files\ClientApp\Documentation\Help\Working\ddueXml\49872cbc-9d58-4d8c-a8a7-314cd51321f0.xml
    Last step completed in 00:00:00,0680
</buildStep>
<buildStep step="CreateConceptualTopicConfigs">
Creating conceptual topic configuration files...
    Companion files
    _ContentMetadata_.xml
    Merging topic IDs into manifest.xml
    Last step completed in 00:00:00,0490
</buildStep>
<buildStep step="CopyAdditionalContent">
Copying additional content files...
C:\Users\joao brandao\Desktop\datalogger_v2\App Files\ClientApp\Documentation\icons\Help.png -&gt; C:\Users\joao brandao\Desktop\datalogger_v2\App Files\ClientApp\Documentation\Help\Working\Output\HtmlHelp1\icons\Help.png
C:\Users\joao brandao\Desktop\datalogger_v2\App Files\ClientApp\Documentation\icons\Help.png -&gt; C:\Users\joao brandao\Desktop\datalogger_v2\App Files\ClientApp\Documentation\Help\Working\Output\Website\icons\Help.png
    Last step completed in 00:00:00,0105
</buildStep>
<buildStep step="MergeTablesOfContents">
Merging conceptual and additional tables of contents...
    Last step completed in 00:00:00,0005
</buildStep>
<buildStep step="GenerateIntermediateTableOfContents">
Generating intermediate table of contents file...
[C:\Program Files (x86)\Microsoft Visual Studio\2017\Community\MSBuild\15.0\Bin\MSBuild.exe - GenerateIntermediateTOC.proj]
Build started 15/05/2018 14:57:50.
Project &quot;C:\Users\joao brandao\Desktop\datalogger_v2\App Files\ClientApp\Documentation\Help\Working\GenerateIntermediateTOC.proj&quot; on node 1 (default targets).
GenerateIntermediateTOC:
  XslTransform (v2018.5.14.0)
  Copyright &#184; 2006-2018, Microsoft Corporation, All Rights Reserved.
  Portions Copyright &#184; 2006-2018, Eric Woodruff, All Rights Reserved.
  Applying XSL transformation &#39;C:\Program Files (x86)\EWSoftware\Sandcastle Help File Builder\\ProductionTransforms\CreateVSToc.xsl&#39;.
Done Building Project &quot;C:\Users\joao brandao\Desktop\datalogger_v2\App Files\ClientApp\Documentation\Help\Working\GenerateIntermediateTOC.proj&quot; (default targets).
Generating conceptual content intermediate TOC file...
    Last step completed in 00:00:00,8916
</buildStep>
<buildStep step="CreateBuildAssemblerConfigs">
Creating Sandcastle configuration files...
    sandcastle.config
    Last step completed in 00:00:00,3856
</buildStep>
<buildStep step="MergeCustomConfigs">
Merging custom build component configurations
C:\Users\joao brandao\Desktop\datalogger_v2\App Files\ClientApp\Documentation\Help\Working\sandcastle.config
  Updating reference topic configurations.
  Updating conceptual topic configurations.
    Removing unused ExampleComponent.
    Last step completed in 00:00:00,0045
</buildStep>
<buildStep step="BuildTopics">
Building help topics...
[C:\Program Files (x86)\Microsoft Visual Studio\2017\Community\MSBuild\15.0\Bin\MSBuild.exe - BuildTopics.proj]
Build started 15/05/2018 14:57:51.
Project &quot;C:\Users\joao brandao\Desktop\datalogger_v2\App Files\ClientApp\Documentation\Help\Working\BuildTopics.proj&quot; on node 1 (default targets).
BuildTopics:
  BuildAssembler (v2018.5.14.0)
  Copyright &#184; 2006-2018, Microsoft Corporation, All Rights Reserved.
  Portions Copyright &#184; 2006-2018, Eric Woodruff, All Rights Reserved.
  Loading configuration...
  Processing topics...
BuildAssembler : warning : ShowMissingComponent: [N:ClientApp] Missing &lt;summary&gt; documentation [C:\Users\joao brandao\Desktop\datalogger_v2\App Files\ClientApp\Documentation\Help\Working\BuildTopics.proj]
BuildAssembler : warning : ShowMissingComponent: [M:ClientApp.Form1.LogError(System.Exception)] Missing &lt;summary&gt; documentation [C:\Users\joao brandao\Desktop\datalogger_v2\App Files\ClientApp\Documentation\Help\Working\BuildTopics.proj]
BuildAssembler : warning : ShowMissingComponent: [M:ClientApp.Form1.LogError(System.Exception)] Missing &lt;param name=&quot;ex&quot;/&gt; documentation [C:\Users\joao brandao\Desktop\datalogger_v2\App Files\ClientApp\Documentation\Help\Working\BuildTopics.proj]
BuildAssembler : warning : ShowMissingComponent: [T:ClientApp.Serial_port] Missing &lt;summary&gt; documentation [C:\Users\joao brandao\Desktop\datalogger_v2\App Files\ClientApp\Documentation\Help\Working\BuildTopics.proj]
BuildAssembler : warning : ShowMissingComponent: [F:ClientApp.Serial_port.com_port] Missing &lt;summary&gt; documentation [C:\Users\joao brandao\Desktop\datalogger_v2\App Files\ClientApp\Documentation\Help\Working\BuildTopics.proj]
  Processed 21 topic(s)
  5 warning(s)
  CopyFromIndexComponent: &quot;metadata&quot; in-memory cache entries used: 1 of 15.
  ResolveArtLinksComponent: Copying media files...
  ResolveArtLinksComponent: Copying media files...
  CopyFromIndexComponent: &quot;reflection&quot; in-memory cache entries used: 2 of 15.
  CopyFromIndexComponent: &quot;comments&quot; in-memory cache entries used: 5 of 30.
Done Building Project &quot;C:\Users\joao brandao\Desktop\datalogger_v2\App Files\ClientApp\Documentation\Help\Working\BuildTopics.proj&quot; (default targets).
    Last step completed in 00:00:11,3576
</buildStep>
<buildStep step="CombiningIntermediateTocFiles">
Combining conceptual and API intermediate TOC files...
    Last step completed in 00:00:00,0025
</buildStep>
<buildStep step="ExtractingHtmlInfo">
Extracting HTML info for HTML Help 1 and/or website...
[C:\Program Files (x86)\Microsoft Visual Studio\2017\Community\MSBuild\15.0\Bin\MSBuild.exe - ExtractHtmlInfo.proj]
Sandcastle Help File Builder and Tools, version 2018.5.14.0
Copyright &#184; 2006-2018, Eric Woodruff, All Rights Reserved
E-Mail: Eric@EWoodruff.us

Using LCID &#39;1033&#39;, code page &#39;65001&#39;, encoding charset &#39;UTF-8&#39;.

Processing Help 1 files in C:\Users\joao brandao\Desktop\datalogger_v2\App Files\ClientApp\Documentation\Help\Working\Output\HtmlHelp1
Processed 21 HTML files
Sorting keywords and generating See Also indices
Saving HTML Help 1 keyword index to C:\Users\joao brandao\Desktop\datalogger_v2\App Files\ClientApp\Documentation\Help\Working\Documentation.hhk
Saving HTML Help 1 table of contents to C:\Users\joao brandao\Desktop\datalogger_v2\App Files\ClientApp\Documentation\Help\Working\Documentation.hhc

Processing website files in C:\Users\joao brandao\Desktop\datalogger_v2\App Files\ClientApp\Documentation\Help\Working\Output\Website
Processed 21 HTML files
Sorting keywords and generating See Also indices
Saving website keyword index to C:\Users\joao brandao\Desktop\datalogger_v2\App Files\ClientApp\Documentation\Help\Working\WebKI.xml
Saving website table of contents to C:\Users\joao brandao\Desktop\datalogger_v2\App Files\ClientApp\Documentation\Help\Working\WebTOC.xml
    Last step completed in 00:00:00,3803
</buildStep>
<buildStep step="CopyStandardHelpContent">
Copying standard help content...
C:\Program Files (x86)\EWSoftware\Sandcastle Help File Builder\PresentationStyles\VS2013\icons\AlertCaution.png -&gt; C:\Users\joao brandao\Desktop\datalogger_v2\App Files\ClientApp\Documentation\Help\Working\Output\HtmlHelp1\icons\AlertCaution.png
C:\Program Files (x86)\EWSoftware\Sandcastle Help File Builder\PresentationStyles\VS2013\icons\AlertNote.png -&gt; C:\Users\joao brandao\Desktop\datalogger_v2\App Files\ClientApp\Documentation\Help\Working\Output\HtmlHelp1\icons\AlertNote.png
C:\Program Files (x86)\EWSoftware\Sandcastle Help File Builder\PresentationStyles\VS2013\icons\AlertSecurity.png -&gt; C:\Users\joao brandao\Desktop\datalogger_v2\App Files\ClientApp\Documentation\Help\Working\Output\HtmlHelp1\icons\AlertSecurity.png
C:\Program Files (x86)\EWSoftware\Sandcastle Help File Builder\PresentationStyles\VS2013\icons\CFW.gif -&gt; C:\Users\joao brandao\Desktop\datalogger_v2\App Files\ClientApp\Documentation\Help\Working\Output\HtmlHelp1\icons\CFW.gif
C:\Program Files (x86)\EWSoftware\Sandcastle Help File Builder\PresentationStyles\VS2013\icons\CodeExample.png -&gt; C:\Users\joao brandao\Desktop\datalogger_v2\App Files\ClientApp\Documentation\Help\Working\Output\HtmlHelp1\icons\CodeExample.png
C:\Program Files (x86)\EWSoftware\Sandcastle Help File Builder\PresentationStyles\VS2013\icons\favicon.ico -&gt; C:\Users\joao brandao\Desktop\datalogger_v2\App Files\ClientApp\Documentation\Help\Working\Output\HtmlHelp1\icons\favicon.ico
C:\Program Files (x86)\EWSoftware\Sandcastle Help File Builder\PresentationStyles\VS2013\icons\privclass.gif -&gt; C:\Users\joao brandao\Desktop\datalogger_v2\App Files\ClientApp\Documentation\Help\Working\Output\HtmlHelp1\icons\privclass.gif
C:\Program Files (x86)\EWSoftware\Sandcastle Help File Builder\PresentationStyles\VS2013\icons\privdelegate.gif -&gt; C:\Users\joao brandao\Desktop\datalogger_v2\App Files\ClientApp\Documentation\Help\Working\Output\HtmlHelp1\icons\privdelegate.gif
C:\Program Files (x86)\EWSoftware\Sandcastle Help File Builder\PresentationStyles\VS2013\icons\privenumeration.gif -&gt; C:\Users\joao brandao\Desktop\datalogger_v2\App Files\ClientApp\Documentation\Help\Working\Output\HtmlHelp1\icons\privenumeration.gif
C:\Program Files (x86)\EWSoftware\Sandcastle Help File Builder\PresentationStyles\VS2013\icons\privevent.gif -&gt; C:\Users\joao brandao\Desktop\datalogger_v2\App Files\ClientApp\Documentation\Help\Working\Output\HtmlHelp1\icons\privevent.gif
C:\Program Files (x86)\EWSoftware\Sandcastle Help File Builder\PresentationStyles\VS2013\icons\privextension.gif -&gt; C:\Users\joao brandao\Desktop\datalogger_v2\App Files\ClientApp\Documentation\Help\Working\Output\HtmlHelp1\icons\privextension.gif
C:\Program Files (x86)\EWSoftware\Sandcastle Help File Builder\PresentationStyles\VS2013\icons\privfield.gif -&gt; C:\Users\joao brandao\Desktop\datalogger_v2\App Files\ClientApp\Documentation\Help\Working\Output\HtmlHelp1\icons\privfield.gif
C:\Program Files (x86)\EWSoftware\Sandcastle Help File Builder\PresentationStyles\VS2013\icons\privinterface.gif -&gt; C:\Users\joao brandao\Desktop\datalogger_v2\App Files\ClientApp\Documentation\Help\Working\Output\HtmlHelp1\icons\privinterface.gif
C:\Program Files (x86)\EWSoftware\Sandcastle Help File Builder\PresentationStyles\VS2013\icons\privmethod.gif -&gt; C:\Users\joao brandao\Desktop\datalogger_v2\App Files\ClientApp\Documentation\Help\Working\Output\HtmlHelp1\icons\privmethod.gif
C:\Program Files (x86)\EWSoftware\Sandcastle Help File Builder\PresentationStyles\VS2013\icons\privproperty.gif -&gt; C:\Users\joao brandao\Desktop\datalogger_v2\App Files\ClientApp\Documentation\Help\Working\Output\HtmlHelp1\icons\privproperty.gif
C:\Program Files (x86)\EWSoftware\Sandcastle Help File Builder\PresentationStyles\VS2013\icons\privstructure.gif -&gt; C:\Users\joao brandao\Desktop\datalogger_v2\App Files\ClientApp\Documentation\Help\Working\Output\HtmlHelp1\icons\privstructure.gif
C:\Program Files (x86)\EWSoftware\Sandcastle Help File Builder\PresentationStyles\VS2013\icons\protclass.gif -&gt; C:\Users\joao brandao\Desktop\datalogger_v2\App Files\ClientApp\Documentation\Help\Working\Output\HtmlHelp1\icons\protclass.gif
C:\Program Files (x86)\EWSoftware\Sandcastle Help File Builder\PresentationStyles\VS2013\icons\protdelegate.gif -&gt; C:\Users\joao brandao\Desktop\datalogger_v2\App Files\ClientApp\Documentation\Help\Working\Output\HtmlHelp1\icons\protdelegate.gif
C:\Program Files (x86)\EWSoftware\Sandcastle Help File Builder\PresentationStyles\VS2013\icons\protenumeration.gif -&gt; C:\Users\joao brandao\Desktop\datalogger_v2\App Files\ClientApp\Documentation\Help\Working\Output\HtmlHelp1\icons\protenumeration.gif
C:\Program Files (x86)\EWSoftware\Sandcastle Help File Builder\PresentationStyles\VS2013\icons\protevent.gif -&gt; C:\Users\joao brandao\Desktop\datalogger_v2\App Files\ClientApp\Documentation\Help\Working\Output\HtmlHelp1\icons\protevent.gif
C:\Program Files (x86)\EWSoftware\Sandcastle Help File Builder\PresentationStyles\VS2013\icons\protextension.gif -&gt; C:\Users\joao brandao\Desktop\datalogger_v2\App Files\ClientApp\Documentation\Help\Working\Output\HtmlHelp1\icons\protextension.gif
C:\Program Files (x86)\EWSoftware\Sandcastle Help File Builder\PresentationStyles\VS2013\icons\protfield.gif -&gt; C:\Users\joao brandao\Desktop\datalogger_v2\App Files\ClientApp\Documentation\Help\Working\Output\HtmlHelp1\icons\protfield.gif
C:\Program Files (x86)\EWSoftware\Sandcastle Help File Builder\PresentationStyles\VS2013\icons\protinterface.gif -&gt; C:\Users\joao brandao\Desktop\datalogger_v2\App Files\ClientApp\Documentation\Help\Working\Output\HtmlHelp1\icons\protinterface.gif
C:\Program Files (x86)\EWSoftware\Sandcastle Help File Builder\PresentationStyles\VS2013\icons\protmethod.gif -&gt; C:\Users\joao brandao\Desktop\datalogger_v2\App Files\ClientApp\Documentation\Help\Working\Output\HtmlHelp1\icons\protmethod.gif
C:\Program Files (x86)\EWSoftware\Sandcastle Help File Builder\PresentationStyles\VS2013\icons\protoperator.gif -&gt; C:\Users\joao brandao\Desktop\datalogger_v2\App Files\ClientApp\Documentation\Help\Working\Output\HtmlHelp1\icons\protoperator.gif
C:\Program Files (x86)\EWSoftware\Sandcastle Help File Builder\PresentationStyles\VS2013\icons\protproperty.gif -&gt; C:\Users\joao brandao\Desktop\datalogger_v2\App Files\ClientApp\Documentation\Help\Working\Output\HtmlHelp1\icons\protproperty.gif
C:\Program Files (x86)\EWSoftware\Sandcastle Help File Builder\PresentationStyles\VS2013\icons\protstructure.gif -&gt; C:\Users\joao brandao\Desktop\datalogger_v2\App Files\ClientApp\Documentation\Help\Working\Output\HtmlHelp1\icons\protstructure.gif
C:\Program Files (x86)\EWSoftware\Sandcastle Help File Builder\PresentationStyles\VS2013\icons\pubclass.gif -&gt; C:\Users\joao brandao\Desktop\datalogger_v2\App Files\ClientApp\Documentation\Help\Working\Output\HtmlHelp1\icons\pubclass.gif
C:\Program Files (x86)\EWSoftware\Sandcastle Help File Builder\PresentationStyles\VS2013\icons\pubdelegate.gif -&gt; C:\Users\joao brandao\Desktop\datalogger_v2\App Files\ClientApp\Documentation\Help\Working\Output\HtmlHelp1\icons\pubdelegate.gif
C:\Program Files (x86)\EWSoftware\Sandcastle Help File Builder\PresentationStyles\VS2013\icons\pubenumeration.gif -&gt; C:\Users\joao brandao\Desktop\datalogger_v2\App Files\ClientApp\Documentation\Help\Working\Output\HtmlHelp1\icons\pubenumeration.gif
C:\Program Files (x86)\EWSoftware\Sandcastle Help File Builder\PresentationStyles\VS2013\icons\pubevent.gif -&gt; C:\Users\joao brandao\Desktop\datalogger_v2\App Files\ClientApp\Documentation\Help\Working\Output\HtmlHelp1\icons\pubevent.gif
C:\Program Files (x86)\EWSoftware\Sandcastle Help File Builder\PresentationStyles\VS2013\icons\pubextension.gif -&gt; C:\Users\joao brandao\Desktop\datalogger_v2\App Files\ClientApp\Documentation\Help\Working\Output\HtmlHelp1\icons\pubextension.gif
C:\Program Files (x86)\EWSoftware\Sandcastle Help File Builder\PresentationStyles\VS2013\icons\pubfield.gif -&gt; C:\Users\joao brandao\Desktop\datalogger_v2\App Files\ClientApp\Documentation\Help\Working\Output\HtmlHelp1\icons\pubfield.gif
C:\Program Files (x86)\EWSoftware\Sandcastle Help File Builder\PresentationStyles\VS2013\icons\pubinterface.gif -&gt; C:\Users\joao brandao\Desktop\datalogger_v2\App Files\ClientApp\Documentation\Help\Working\Output\HtmlHelp1\icons\pubinterface.gif
C:\Program Files (x86)\EWSoftware\Sandcastle Help File Builder\PresentationStyles\VS2013\icons\pubmethod.gif -&gt; C:\Users\joao brandao\Desktop\datalogger_v2\App Files\ClientApp\Documentation\Help\Working\Output\HtmlHelp1\icons\pubmethod.gif
C:\Program Files (x86)\EWSoftware\Sandcastle Help File Builder\PresentationStyles\VS2013\icons\puboperator.gif -&gt; C:\Users\joao brandao\Desktop\datalogger_v2\App Files\ClientApp\Documentation\Help\Working\Output\HtmlHelp1\icons\puboperator.gif
C:\Program Files (x86)\EWSoftware\Sandcastle Help File Builder\PresentationStyles\VS2013\icons\pubproperty.gif -&gt; C:\Users\joao brandao\Desktop\datalogger_v2\App Files\ClientApp\Documentation\Help\Working\Output\HtmlHelp1\icons\pubproperty.gif
C:\Program Files (x86)\EWSoftware\Sandcastle Help File Builder\PresentationStyles\VS2013\icons\pubstructure.gif -&gt; C:\Users\joao brandao\Desktop\datalogger_v2\App Files\ClientApp\Documentation\Help\Working\Output\HtmlHelp1\icons\pubstructure.gif
C:\Program Files (x86)\EWSoftware\Sandcastle Help File Builder\PresentationStyles\VS2013\icons\SectionCollapsed.png -&gt; C:\Users\joao brandao\Desktop\datalogger_v2\App Files\ClientApp\Documentation\Help\Working\Output\HtmlHelp1\icons\SectionCollapsed.png
C:\Program Files (x86)\EWSoftware\Sandcastle Help File Builder\PresentationStyles\VS2013\icons\SectionExpanded.png -&gt; C:\Users\joao brandao\Desktop\datalogger_v2\App Files\ClientApp\Documentation\Help\Working\Output\HtmlHelp1\icons\SectionExpanded.png
C:\Program Files (x86)\EWSoftware\Sandcastle Help File Builder\PresentationStyles\VS2013\icons\slMobile.gif -&gt; C:\Users\joao brandao\Desktop\datalogger_v2\App Files\ClientApp\Documentation\Help\Working\Output\HtmlHelp1\icons\slMobile.gif
C:\Program Files (x86)\EWSoftware\Sandcastle Help File Builder\PresentationStyles\VS2013\icons\static.gif -&gt; C:\Users\joao brandao\Desktop\datalogger_v2\App Files\ClientApp\Documentation\Help\Working\Output\HtmlHelp1\icons\static.gif
C:\Program Files (x86)\EWSoftware\Sandcastle Help File Builder\PresentationStyles\VS2013\icons\xna.gif -&gt; C:\Users\joao brandao\Desktop\datalogger_v2\App Files\ClientApp\Documentation\Help\Working\Output\HtmlHelp1\icons\xna.gif
C:\Program Files (x86)\EWSoftware\Sandcastle Help File Builder\PresentationStyles\VS2013\scripts\branding.js -&gt; C:\Users\joao brandao\Desktop\datalogger_v2\App Files\ClientApp\Documentation\Help\Working\Output\HtmlHelp1\scripts\branding.js
C:\Program Files (x86)\EWSoftware\Sandcastle Help File Builder\PresentationStyles\VS2013\styles\branding-cs-CZ.css -&gt; C:\Users\joao brandao\Desktop\datalogger_v2\App Files\ClientApp\Documentation\Help\Working\Output\HtmlHelp1\styles\branding-cs-CZ.css
C:\Program Files (x86)\EWSoftware\Sandcastle Help File Builder\PresentationStyles\VS2013\styles\branding-de-DE.css -&gt; C:\Users\joao brandao\Desktop\datalogger_v2\App Files\ClientApp\Documentation\Help\Working\Output\HtmlHelp1\styles\branding-de-DE.css
C:\Program Files (x86)\EWSoftware\Sandcastle Help File Builder\PresentationStyles\VS2013\styles\branding-en-US.css -&gt; C:\Users\joao brandao\Desktop\datalogger_v2\App Files\ClientApp\Documentation\Help\Working\Output\HtmlHelp1\styles\branding-en-US.css
C:\Program Files (x86)\EWSoftware\Sandcastle Help File Builder\PresentationStyles\VS2013\styles\branding-es-ES.css -&gt; C:\Users\joao brandao\Desktop\datalogger_v2\App Files\ClientApp\Documentation\Help\Working\Output\HtmlHelp1\styles\branding-es-ES.css
C:\Program Files (x86)\EWSoftware\Sandcastle Help File Builder\PresentationStyles\VS2013\styles\branding-fr-FR.css -&gt; C:\Users\joao brandao\Desktop\datalogger_v2\App Files\ClientApp\Documentation\Help\Working\Output\HtmlHelp1\styles\branding-fr-FR.css
C:\Program Files (x86)\EWSoftware\Sandcastle Help File Builder\PresentationStyles\VS2013\styles\branding-Help1.css -&gt; C:\Users\joao brandao\Desktop\datalogger_v2\App Files\ClientApp\Documentation\Help\Working\Output\HtmlHelp1\styles\branding-Help1.css
C:\Program Files (x86)\EWSoftware\Sandcastle Help File Builder\PresentationStyles\VS2013\styles\branding-HelpViewer.css -&gt; C:\Users\joao brandao\Desktop\datalogger_v2\App Files\ClientApp\Documentation\Help\Working\Output\HtmlHelp1\styles\branding-HelpViewer.css
C:\Program Files (x86)\EWSoftware\Sandcastle Help File Builder\PresentationStyles\VS2013\styles\branding-it-IT.css -&gt; C:\Users\joao brandao\Desktop\datalogger_v2\App Files\ClientApp\Documentation\Help\Working\Output\HtmlHelp1\styles\branding-it-IT.css
C:\Program Files (x86)\EWSoftware\Sandcastle Help File Builder\PresentationStyles\VS2013\styles\branding-ja-JP.css -&gt; C:\Users\joao brandao\Desktop\datalogger_v2\App Files\ClientApp\Documentation\Help\Working\Output\HtmlHelp1\styles\branding-ja-JP.css
C:\Program Files (x86)\EWSoftware\Sandcastle Help File Builder\PresentationStyles\VS2013\styles\branding-ko-KR.css -&gt; C:\Users\joao brandao\Desktop\datalogger_v2\App Files\ClientApp\Documentation\Help\Working\Output\HtmlHelp1\styles\branding-ko-KR.css
C:\Program Files (x86)\EWSoftware\Sandcastle Help File Builder\PresentationStyles\VS2013\styles\branding-pl-PL.css -&gt; C:\Users\joao brandao\Desktop\datalogger_v2\App Files\ClientApp\Documentation\Help\Working\Output\HtmlHelp1\styles\branding-pl-PL.css
C:\Program Files (x86)\EWSoftware\Sandcastle Help File Builder\PresentationStyles\VS2013\styles\branding-pt-BR.css -&gt; C:\Users\joao brandao\Desktop\datalogger_v2\App Files\ClientApp\Documentation\Help\Working\Output\HtmlHelp1\styles\branding-pt-BR.css
C:\Program Files (x86)\EWSoftware\Sandcastle Help File Builder\PresentationStyles\VS2013\styles\branding-ru-RU.css -&gt; C:\Users\joao brandao\Desktop\datalogger_v2\App Files\ClientApp\Documentation\Help\Working\Output\HtmlHelp1\styles\branding-ru-RU.css
C:\Program Files (x86)\EWSoftware\Sandcastle Help File Builder\PresentationStyles\VS2013\styles\branding-tr-TR.css -&gt; C:\Users\joao brandao\Desktop\datalogger_v2\App Files\ClientApp\Documentation\Help\Working\Output\HtmlHelp1\styles\branding-tr-TR.css
C:\Program Files (x86)\EWSoftware\Sandcastle Help File Builder\PresentationStyles\VS2013\styles\branding-Website.css -&gt; C:\Users\joao brandao\Desktop\datalogger_v2\App Files\ClientApp\Documentation\Help\Working\Output\HtmlHelp1\styles\branding-Website.css
C:\Program Files (x86)\EWSoftware\Sandcastle Help File Builder\PresentationStyles\VS2013\styles\branding-zh-CN.css -&gt; C:\Users\joao brandao\Desktop\datalogger_v2\App Files\ClientApp\Documentation\Help\Working\Output\HtmlHelp1\styles\branding-zh-CN.css
C:\Program Files (x86)\EWSoftware\Sandcastle Help File Builder\PresentationStyles\VS2013\styles\branding-zh-TW.css -&gt; C:\Users\joao brandao\Desktop\datalogger_v2\App Files\ClientApp\Documentation\Help\Working\Output\HtmlHelp1\styles\branding-zh-TW.css
C:\Program Files (x86)\EWSoftware\Sandcastle Help File Builder\PresentationStyles\VS2013\styles\branding.css -&gt; C:\Users\joao brandao\Desktop\datalogger_v2\App Files\ClientApp\Documentation\Help\Working\Output\HtmlHelp1\styles\branding.css
C:\Program Files (x86)\EWSoftware\Sandcastle Help File Builder\PresentationStyles\VS2013\icons\AlertCaution.png -&gt; C:\Users\joao brandao\Desktop\datalogger_v2\App Files\ClientApp\Documentation\Help\Working\Output\Website\icons\AlertCaution.png
C:\Program Files (x86)\EWSoftware\Sandcastle Help File Builder\PresentationStyles\VS2013\icons\AlertNote.png -&gt; C:\Users\joao brandao\Desktop\datalogger_v2\App Files\ClientApp\Documentation\Help\Working\Output\Website\icons\AlertNote.png
C:\Program Files (x86)\EWSoftware\Sandcastle Help File Builder\PresentationStyles\VS2013\icons\AlertSecurity.png -&gt; C:\Users\joao brandao\Desktop\datalogger_v2\App Files\ClientApp\Documentation\Help\Working\Output\Website\icons\AlertSecurity.png
C:\Program Files (x86)\EWSoftware\Sandcastle Help File Builder\PresentationStyles\VS2013\icons\CFW.gif -&gt; C:\Users\joao brandao\Desktop\datalogger_v2\App Files\ClientApp\Documentation\Help\Working\Output\Website\icons\CFW.gif
C:\Program Files (x86)\EWSoftware\Sandcastle Help File Builder\PresentationStyles\VS2013\icons\CodeExample.png -&gt; C:\Users\joao brandao\Desktop\datalogger_v2\App Files\ClientApp\Documentation\Help\Working\Output\Website\icons\CodeExample.png
C:\Program Files (x86)\EWSoftware\Sandcastle Help File Builder\PresentationStyles\VS2013\icons\favicon.ico -&gt; C:\Users\joao brandao\Desktop\datalogger_v2\App Files\ClientApp\Documentation\Help\Working\Output\Website\icons\favicon.ico
C:\Program Files (x86)\EWSoftware\Sandcastle Help File Builder\PresentationStyles\VS2013\icons\privclass.gif -&gt; C:\Users\joao brandao\Desktop\datalogger_v2\App Files\ClientApp\Documentation\Help\Working\Output\Website\icons\privclass.gif
C:\Program Files (x86)\EWSoftware\Sandcastle Help File Builder\PresentationStyles\VS2013\icons\privdelegate.gif -&gt; C:\Users\joao brandao\Desktop\datalogger_v2\App Files\ClientApp\Documentation\Help\Working\Output\Website\icons\privdelegate.gif
C:\Program Files (x86)\EWSoftware\Sandcastle Help File Builder\PresentationStyles\VS2013\icons\privenumeration.gif -&gt; C:\Users\joao brandao\Desktop\datalogger_v2\App Files\ClientApp\Documentation\Help\Working\Output\Website\icons\privenumeration.gif
C:\Program Files (x86)\EWSoftware\Sandcastle Help File Builder\PresentationStyles\VS2013\icons\privevent.gif -&gt; C:\Users\joao brandao\Desktop\datalogger_v2\App Files\ClientApp\Documentation\Help\Working\Output\Website\icons\privevent.gif
C:\Program Files (x86)\EWSoftware\Sandcastle Help File Builder\PresentationStyles\VS2013\icons\privextension.gif -&gt; C:\Users\joao brandao\Desktop\datalogger_v2\App Files\ClientApp\Documentation\Help\Working\Output\Website\icons\privextension.gif
C:\Program Files (x86)\EWSoftware\Sandcastle Help File Builder\PresentationStyles\VS2013\icons\privfield.gif -&gt; C:\Users\joao brandao\Desktop\datalogger_v2\App Files\ClientApp\Documentation\Help\Working\Output\Website\icons\privfield.gif
C:\Program Files (x86)\EWSoftware\Sandcastle Help File Builder\PresentationStyles\VS2013\icons\privinterface.gif -&gt; C:\Users\joao brandao\Desktop\datalogger_v2\App Files\ClientApp\Documentation\Help\Working\Output\Website\icons\privinterface.gif
C:\Program Files (x86)\EWSoftware\Sandcastle Help File Builder\PresentationStyles\VS2013\icons\privmethod.gif -&gt; C:\Users\joao brandao\Desktop\datalogger_v2\App Files\ClientApp\Documentation\Help\Working\Output\Website\icons\privmethod.gif
C:\Program Files (x86)\EWSoftware\Sandcastle Help File Builder\PresentationStyles\VS2013\icons\privproperty.gif -&gt; C:\Users\joao brandao\Desktop\datalogger_v2\App Files\ClientApp\Documentation\Help\Working\Output\Website\icons\privproperty.gif
C:\Program Files (x86)\EWSoftware\Sandcastle Help File Builder\PresentationStyles\VS2013\icons\privstructure.gif -&gt; C:\Users\joao brandao\Desktop\datalogger_v2\App Files\ClientApp\Documentation\Help\Working\Output\Website\icons\privstructure.gif
C:\Program Files (x86)\EWSoftware\Sandcastle Help File Builder\PresentationStyles\VS2013\icons\protclass.gif -&gt; C:\Users\joao brandao\Desktop\datalogger_v2\App Files\ClientApp\Documentation\Help\Working\Output\Website\icons\protclass.gif
C:\Program Files (x86)\EWSoftware\Sandcastle Help File Builder\PresentationStyles\VS2013\icons\protdelegate.gif -&gt; C:\Users\joao brandao\Desktop\datalogger_v2\App Files\ClientApp\Documentation\Help\Working\Output\Website\icons\protdelegate.gif
C:\Program Files (x86)\EWSoftware\Sandcastle Help File Builder\PresentationStyles\VS2013\icons\protenumeration.gif -&gt; C:\Users\joao brandao\Desktop\datalogger_v2\App Files\ClientApp\Documentation\Help\Working\Output\Website\icons\protenumeration.gif
C:\Program Files (x86)\EWSoftware\Sandcastle Help File Builder\PresentationStyles\VS2013\icons\protevent.gif -&gt; C:\Users\joao brandao\Desktop\datalogger_v2\App Files\ClientApp\Documentation\Help\Working\Output\Website\icons\protevent.gif
C:\Program Files (x86)\EWSoftware\Sandcastle Help File Builder\PresentationStyles\VS2013\icons\protextension.gif -&gt; C:\Users\joao brandao\Desktop\datalogger_v2\App Files\ClientApp\Documentation\Help\Working\Output\Website\icons\protextension.gif
C:\Program Files (x86)\EWSoftware\Sandcastle Help File Builder\PresentationStyles\VS2013\icons\protfield.gif -&gt; C:\Users\joao brandao\Desktop\datalogger_v2\App Files\ClientApp\Documentation\Help\Working\Output\Website\icons\protfield.gif
C:\Program Files (x86)\EWSoftware\Sandcastle Help File Builder\PresentationStyles\VS2013\icons\protinterface.gif -&gt; C:\Users\joao brandao\Desktop\datalogger_v2\App Files\ClientApp\Documentation\Help\Working\Output\Website\icons\protinterface.gif
C:\Program Files (x86)\EWSoftware\Sandcastle Help File Builder\PresentationStyles\VS2013\icons\protmethod.gif -&gt; C:\Users\joao brandao\Desktop\datalogger_v2\App Files\ClientApp\Documentation\Help\Working\Output\Website\icons\protmethod.gif
C:\Program Files (x86)\EWSoftware\Sandcastle Help File Builder\PresentationStyles\VS2013\icons\protoperator.gif -&gt; C:\Users\joao brandao\Desktop\datalogger_v2\App Files\ClientApp\Documentation\Help\Working\Output\Website\icons\protoperator.gif
C:\Program Files (x86)\EWSoftware\Sandcastle Help File Builder\PresentationStyles\VS2013\icons\protproperty.gif -&gt; C:\Users\joao brandao\Desktop\datalogger_v2\App Files\ClientApp\Documentation\Help\Working\Output\Website\icons\protproperty.gif
C:\Program Files (x86)\EWSoftware\Sandcastle Help File Builder\PresentationStyles\VS2013\icons\protstructure.gif -&gt; C:\Users\joao brandao\Desktop\datalogger_v2\App Files\ClientApp\Documentation\Help\Working\Output\Website\icons\protstructure.gif
C:\Program Files (x86)\EWSoftware\Sandcastle Help File Builder\PresentationStyles\VS2013\icons\pubclass.gif -&gt; C:\Users\joao brandao\Desktop\datalogger_v2\App Files\ClientApp\Documentation\Help\Working\Output\Website\icons\pubclass.gif
C:\Program Files (x86)\EWSoftware\Sandcastle Help File Builder\PresentationStyles\VS2013\icons\pubdelegate.gif -&gt; C:\Users\joao brandao\Desktop\datalogger_v2\App Files\ClientApp\Documentation\Help\Working\Output\Website\icons\pubdelegate.gif
C:\Program Files (x86)\EWSoftware\Sandcastle Help File Builder\PresentationStyles\VS2013\icons\pubenumeration.gif -&gt; C:\Users\joao brandao\Desktop\datalogger_v2\App Files\ClientApp\Documentation\Help\Working\Output\Website\icons\pubenumeration.gif
C:\Program Files (x86)\EWSoftware\Sandcastle Help File Builder\PresentationStyles\VS2013\icons\pubevent.gif -&gt; C:\Users\joao brandao\Desktop\datalogger_v2\App Files\ClientApp\Documentation\Help\Working\Output\Website\icons\pubevent.gif
C:\Program Files (x86)\EWSoftware\Sandcastle Help File Builder\PresentationStyles\VS2013\icons\pubextension.gif -&gt; C:\Users\joao brandao\Desktop\datalogger_v2\App Files\ClientApp\Documentation\Help\Working\Output\Website\icons\pubextension.gif
C:\Program Files (x86)\EWSoftware\Sandcastle Help File Builder\PresentationStyles\VS2013\icons\pubfield.gif -&gt; C:\Users\joao brandao\Desktop\datalogger_v2\App Files\ClientApp\Documentation\Help\Working\Output\Website\icons\pubfield.gif
C:\Program Files (x86)\EWSoftware\Sandcastle Help File Builder\PresentationStyles\VS2013\icons\pubinterface.gif -&gt; C:\Users\joao brandao\Desktop\datalogger_v2\App Files\ClientApp\Documentation\Help\Working\Output\Website\icons\pubinterface.gif
C:\Program Files (x86)\EWSoftware\Sandcastle Help File Builder\PresentationStyles\VS2013\icons\pubmethod.gif -&gt; C:\Users\joao brandao\Desktop\datalogger_v2\App Files\ClientApp\Documentation\Help\Working\Output\Website\icons\pubmethod.gif
C:\Program Files (x86)\EWSoftware\Sandcastle Help File Builder\PresentationStyles\VS2013\icons\puboperator.gif -&gt; C:\Users\joao brandao\Desktop\datalogger_v2\App Files\ClientApp\Documentation\Help\Working\Output\Website\icons\puboperator.gif
C:\Program Files (x86)\EWSoftware\Sandcastle Help File Builder\PresentationStyles\VS2013\icons\pubproperty.gif -&gt; C:\Users\joao brandao\Desktop\datalogger_v2\App Files\ClientApp\Documentation\Help\Working\Output\Website\icons\pubproperty.gif
C:\Program Files (x86)\EWSoftware\Sandcastle Help File Builder\PresentationStyles\VS2013\icons\pubstructure.gif -&gt; C:\Users\joao brandao\Desktop\datalogger_v2\App Files\ClientApp\Documentation\Help\Working\Output\Website\icons\pubstructure.gif
C:\Program Files (x86)\EWSoftware\Sandcastle Help File Builder\PresentationStyles\VS2013\icons\SectionCollapsed.png -&gt; C:\Users\joao brandao\Desktop\datalogger_v2\App Files\ClientApp\Documentation\Help\Working\Output\Website\icons\SectionCollapsed.png
C:\Program Files (x86)\EWSoftware\Sandcastle Help File Builder\PresentationStyles\VS2013\icons\SectionExpanded.png -&gt; C:\Users\joao brandao\Desktop\datalogger_v2\App Files\ClientApp\Documentation\Help\Working\Output\Website\icons\SectionExpanded.png
C:\Program Files (x86)\EWSoftware\Sandcastle Help File Builder\PresentationStyles\VS2013\icons\slMobile.gif -&gt; C:\Users\joao brandao\Desktop\datalogger_v2\App Files\ClientApp\Documentation\Help\Working\Output\Website\icons\slMobile.gif
C:\Program Files (x86)\EWSoftware\Sandcastle Help File Builder\PresentationStyles\VS2013\icons\static.gif -&gt; C:\Users\joao brandao\Desktop\datalogger_v2\App Files\ClientApp\Documentation\Help\Working\Output\Website\icons\static.gif
C:\Program Files (x86)\EWSoftware\Sandcastle Help File Builder\PresentationStyles\VS2013\icons\xna.gif -&gt; C:\Users\joao brandao\Desktop\datalogger_v2\App Files\ClientApp\Documentation\Help\Working\Output\Website\icons\xna.gif
C:\Program Files (x86)\EWSoftware\Sandcastle Help File Builder\PresentationStyles\VS2013\scripts\branding.js -&gt; C:\Users\joao brandao\Desktop\datalogger_v2\App Files\ClientApp\Documentation\Help\Working\Output\Website\scripts\branding.js
C:\Program Files (x86)\EWSoftware\Sandcastle Help File Builder\PresentationStyles\VS2013\styles\branding-cs-CZ.css -&gt; C:\Users\joao brandao\Desktop\datalogger_v2\App Files\ClientApp\Documentation\Help\Working\Output\Website\styles\branding-cs-CZ.css
C:\Program Files (x86)\EWSoftware\Sandcastle Help File Builder\PresentationStyles\VS2013\styles\branding-de-DE.css -&gt; C:\Users\joao brandao\Desktop\datalogger_v2\App Files\ClientApp\Documentation\Help\Working\Output\Website\styles\branding-de-DE.css
C:\Program Files (x86)\EWSoftware\Sandcastle Help File Builder\PresentationStyles\VS2013\styles\branding-en-US.css -&gt; C:\Users\joao brandao\Desktop\datalogger_v2\App Files\ClientApp\Documentation\Help\Working\Output\Website\styles\branding-en-US.css
C:\Program Files (x86)\EWSoftware\Sandcastle Help File Builder\PresentationStyles\VS2013\styles\branding-es-ES.css -&gt; C:\Users\joao brandao\Desktop\datalogger_v2\App Files\ClientApp\Documentation\Help\Working\Output\Website\styles\branding-es-ES.css
C:\Program Files (x86)\EWSoftware\Sandcastle Help File Builder\PresentationStyles\VS2013\styles\branding-fr-FR.css -&gt; C:\Users\joao brandao\Desktop\datalogger_v2\App Files\ClientApp\Documentation\Help\Working\Output\Website\styles\branding-fr-FR.css
C:\Program Files (x86)\EWSoftware\Sandcastle Help File Builder\PresentationStyles\VS2013\styles\branding-Help1.css -&gt; C:\Users\joao brandao\Desktop\datalogger_v2\App Files\ClientApp\Documentation\Help\Working\Output\Website\styles\branding-Help1.css
C:\Program Files (x86)\EWSoftware\Sandcastle Help File Builder\PresentationStyles\VS2013\styles\branding-HelpViewer.css -&gt; C:\Users\joao brandao\Desktop\datalogger_v2\App Files\ClientApp\Documentation\Help\Working\Output\Website\styles\branding-HelpViewer.css
C:\Program Files (x86)\EWSoftware\Sandcastle Help File Builder\PresentationStyles\VS2013\styles\branding-it-IT.css -&gt; C:\Users\joao brandao\Desktop\datalogger_v2\App Files\ClientApp\Documentation\Help\Working\Output\Website\styles\branding-it-IT.css
C:\Program Files (x86)\EWSoftware\Sandcastle Help File Builder\PresentationStyles\VS2013\styles\branding-ja-JP.css -&gt; C:\Users\joao brandao\Desktop\datalogger_v2\App Files\ClientApp\Documentation\Help\Working\Output\Website\styles\branding-ja-JP.css
C:\Program Files (x86)\EWSoftware\Sandcastle Help File Builder\PresentationStyles\VS2013\styles\branding-ko-KR.css -&gt; C:\Users\joao brandao\Desktop\datalogger_v2\App Files\ClientApp\Documentation\Help\Working\Output\Website\styles\branding-ko-KR.css
C:\Program Files (x86)\EWSoftware\Sandcastle Help File Builder\PresentationStyles\VS2013\styles\branding-pl-PL.css -&gt; C:\Users\joao brandao\Desktop\datalogger_v2\App Files\ClientApp\Documentation\Help\Working\Output\Website\styles\branding-pl-PL.css
C:\Program Files (x86)\EWSoftware\Sandcastle Help File Builder\PresentationStyles\VS2013\styles\branding-pt-BR.css -&gt; C:\Users\joao brandao\Desktop\datalogger_v2\App Files\ClientApp\Documentation\Help\Working\Output\Website\styles\branding-pt-BR.css
C:\Program Files (x86)\EWSoftware\Sandcastle Help File Builder\PresentationStyles\VS2013\styles\branding-ru-RU.css -&gt; C:\Users\joao brandao\Desktop\datalogger_v2\App Files\ClientApp\Documentation\Help\Working\Output\Website\styles\branding-ru-RU.css
C:\Program Files (x86)\EWSoftware\Sandcastle Help File Builder\PresentationStyles\VS2013\styles\branding-tr-TR.css -&gt; C:\Users\joao brandao\Desktop\datalogger_v2\App Files\ClientApp\Documentation\Help\Working\Output\Website\styles\branding-tr-TR.css
C:\Program Files (x86)\EWSoftware\Sandcastle Help File Builder\PresentationStyles\VS2013\styles\branding-Website.css -&gt; C:\Users\joao brandao\Desktop\datalogger_v2\App Files\ClientApp\Documentation\Help\Working\Output\Website\styles\branding-Website.css
C:\Program Files (x86)\EWSoftware\Sandcastle Help File Builder\PresentationStyles\VS2013\styles\branding-zh-CN.css -&gt; C:\Users\joao brandao\Desktop\datalogger_v2\App Files\ClientApp\Documentation\Help\Working\Output\Website\styles\branding-zh-CN.css
C:\Program Files (x86)\EWSoftware\Sandcastle Help File Builder\PresentationStyles\VS2013\styles\branding-zh-TW.css -&gt; C:\Users\joao brandao\Desktop\datalogger_v2\App Files\ClientApp\Documentation\Help\Working\Output\Website\styles\branding-zh-TW.css
C:\Program Files (x86)\EWSoftware\Sandcastle Help File Builder\PresentationStyles\VS2013\styles\branding.css -&gt; C:\Users\joao brandao\Desktop\datalogger_v2\App Files\ClientApp\Documentation\Help\Working\Output\Website\styles\branding.css
C:\Program Files (x86)\EWSoftware\Sandcastle Help File Builder\PresentationStyles\VS2013\Web\index.html -&gt; C:\Users\joao brandao\Desktop\datalogger_v2\App Files\ClientApp\Documentation\Help\Working\Output\Website\index.html
C:\Program Files (x86)\EWSoftware\Sandcastle Help File Builder\PresentationStyles\VS2013\Web\search.html -&gt; C:\Users\joao brandao\Desktop\datalogger_v2\App Files\ClientApp\Documentation\Help\Working\Output\Website\search.html
C:\Program Files (x86)\EWSoftware\Sandcastle Help File Builder\PresentationStyles\VS2013\Web\SearchHelp.aspx -&gt; C:\Users\joao brandao\Desktop\datalogger_v2\App Files\ClientApp\Documentation\Help\Working\Output\Website\SearchHelp.aspx
C:\Program Files (x86)\EWSoftware\Sandcastle Help File Builder\PresentationStyles\VS2013\Web\SearchHelp.inc.php -&gt; C:\Users\joao brandao\Desktop\datalogger_v2\App Files\ClientApp\Documentation\Help\Working\Output\Website\SearchHelp.inc.php
C:\Program Files (x86)\EWSoftware\Sandcastle Help File Builder\PresentationStyles\VS2013\Web\SearchHelp.php -&gt; C:\Users\joao brandao\Desktop\datalogger_v2\App Files\ClientApp\Documentation\Help\Working\Output\Website\SearchHelp.php
C:\Program Files (x86)\EWSoftware\Sandcastle Help File Builder\PresentationStyles\VS2013\Web\Web.Config -&gt; C:\Users\joao brandao\Desktop\datalogger_v2\App Files\ClientApp\Documentation\Help\Working\Output\Website\Web.Config
C:\Program Files (x86)\EWSoftware\Sandcastle Help File Builder\PresentationStyles\VS2013\Web\html\GeneralError.htm -&gt; C:\Users\joao brandao\Desktop\datalogger_v2\App Files\ClientApp\Documentation\Help\Working\Output\Website\html\GeneralError.htm
C:\Program Files (x86)\EWSoftware\Sandcastle Help File Builder\PresentationStyles\VS2013\Web\html\PageNotFound.htm -&gt; C:\Users\joao brandao\Desktop\datalogger_v2\App Files\ClientApp\Documentation\Help\Working\Output\Website\html\PageNotFound.htm
C:\Program Files (x86)\EWSoftware\Sandcastle Help File Builder\PresentationStyles\VS2013\Web\icons\Search.png -&gt; C:\Users\joao brandao\Desktop\datalogger_v2\App Files\ClientApp\Documentation\Help\Working\Output\Website\icons\Search.png
C:\Program Files (x86)\EWSoftware\Sandcastle Help File Builder\PresentationStyles\VS2013\Web\icons\TocClose.gif -&gt; C:\Users\joao brandao\Desktop\datalogger_v2\App Files\ClientApp\Documentation\Help\Working\Output\Website\icons\TocClose.gif
C:\Program Files (x86)\EWSoftware\Sandcastle Help File Builder\PresentationStyles\VS2013\Web\icons\TocCollapsed.gif -&gt; C:\Users\joao brandao\Desktop\datalogger_v2\App Files\ClientApp\Documentation\Help\Working\Output\Website\icons\TocCollapsed.gif
C:\Program Files (x86)\EWSoftware\Sandcastle Help File Builder\PresentationStyles\VS2013\Web\icons\TocExpanded.gif -&gt; C:\Users\joao brandao\Desktop\datalogger_v2\App Files\ClientApp\Documentation\Help\Working\Output\Website\icons\TocExpanded.gif
C:\Program Files (x86)\EWSoftware\Sandcastle Help File Builder\PresentationStyles\VS2013\Web\icons\TocOpen.gif -&gt; C:\Users\joao brandao\Desktop\datalogger_v2\App Files\ClientApp\Documentation\Help\Working\Output\Website\icons\TocOpen.gif
C:\Program Files (x86)\EWSoftware\Sandcastle Help File Builder\PresentationStyles\VS2013\Web\scripts\branding-Website.js -&gt; C:\Users\joao brandao\Desktop\datalogger_v2\App Files\ClientApp\Documentation\Help\Working\Output\Website\scripts\branding-Website.js
C:\Program Files (x86)\EWSoftware\Sandcastle Help File Builder\PresentationStyles\VS2013\Web\scripts\clipboard.min.js -&gt; C:\Users\joao brandao\Desktop\datalogger_v2\App Files\ClientApp\Documentation\Help\Working\Output\Website\scripts\clipboard.min.js
C:\Program Files (x86)\EWSoftware\Sandcastle Help File Builder\PresentationStyles\VS2013\Web\scripts\jquery-1.11.0.min.js -&gt; C:\Users\joao brandao\Desktop\datalogger_v2\App Files\ClientApp\Documentation\Help\Working\Output\Website\scripts\jquery-1.11.0.min.js
    Last step completed in 00:00:02,7215
</buildStep>
<buildStep step="GenerateHelpFormatTableOfContents">
Generating HTML Help 1 table of contents file...
    Last step completed in 00:00:00,0000
</buildStep>
<buildStep step="GenerateHelpFileIndex">
Generating HTML Help 1 index file...
    Last step completed in 00:00:00,0000
</buildStep>
<buildStep step="GenerateHelpProject">
Generating HTML Help 1 project file...
    Last step completed in 00:00:00,0035
</buildStep>
<buildStep step="CompilingHelpFile">
Compiling HTML Help 1 file...
[C:\Program Files (x86)\Microsoft Visual Studio\2017\Community\MSBuild\15.0\Bin\MSBuild.exe - Build1xHelpFile.proj]
  Microsoft HTML Help Compiler 4.74.8702
  
  
  
  Compiling c:\Users\joao brandao\Desktop\datalogger_v2\App Files\ClientApp\Documentation\Help\Working\Output\HtmlHelp1\Documentation.chm
  
  
  
  
  
  Compile time: 0 minutes, 7 seconds
  
  23	Topics
  
  164	Local links
  
  4,590	Internet links
  
  0	Graphics
  
  
  
  
  
  Created c:\Users\joao brandao\Desktop\datalogger_v2\App Files\ClientApp\Documentation\Help\Working\Output\HtmlHelp1\Documentation.chm, 190,141 bytes
  
  Compression decreased file by 921,658 bytes.
  
    Last step completed in 00:00:09,0470
</buildStep>
<buildStep step="GenerateHelpFormatTableOfContents">
Generating website table of contents file...
    Last step completed in 00:00:00,0005
</buildStep>
<buildStep step="GenerateFullTextIndex">
Generating full-text index for the website...

<plugIn name="Lightweight Website Style" behavior="After" priority="1000">
Adding lightweight search and TOC elements to each topic...
</plugIn>    Last step completed in 00:00:00,1586
</buildStep>
<buildStep step="CopyingWebsiteFiles">
Copying website files to output folder...

Copied 134 files for the website content
    Last step completed in 00:00:00,7928
</buildStep>
<buildStep step="CleanIntermediates">
Removing intermediate files...
    Last step completed in 00:00:00,2154
</buildStep>
<buildStep step="Completed">

Build completed successfully at 15/05/2018 14:58:16.  Total time: 00:00:31,9637

</buildStep>
</shfbBuild>
